Using pre-set license
Built from '2020.3/staging' branch; Version is '2020.3.18f1 (a7d1c678663c) revision 10998214'; Using compiler version '192528614'; Build Type 'Release'
OS: 'Windows 10 Pro; OS build 19042.1586; Version 2009; 64bit' Language: 'ko' Physical Memory: 32684 MB
BatchMode: 1, IsHumanControllingUs: 0, StartBugReporterOnCrash: 0, Is64bit: 1, IsPro: 0

COMMAND LINE ARGUMENTS:
C:\Program Files\Unity\Hub\Editor\2020.3.18f1\Editor\Unity.exe
-adb2
-batchMode
-noUpm
-name
AssetImportWorker0
-projectPath
C:/Users/Noh/Desktop/coding/unity/SimpleJump
-logFile
Logs/AssetImportWorker0.log
-srvPort
4173
Successfully changed project path to: C:/Users/Noh/Desktop/coding/unity/SimpleJump
C:/Users/Noh/Desktop/coding/unity/SimpleJump
Using Asset Import Pipeline V2.
Refreshing native plugins compatible for Editor in 20.91 ms, found 2 plugins.
Preloading 0 native plugins for Editor in 0.00 ms.
Initialize engine version: 2020.3.18f1 (a7d1c678663c)
[Subsystems] Discovering subsystems at path C:/Program Files/Unity/Hub/Editor/2020.3.18f1/Editor/Data/Resources/UnitySubsystems
[Subsystems] Discovering subsystems at path C:/Users/Noh/Desktop/coding/unity/SimpleJump/Assets
GfxDevice: creating device client; threaded=0
Direct3D:
    Version:  Direct3D 11.0 [level 11.1]
    Renderer: NVIDIA GeForce RTX 3070 (ID=0x2484)
    Vendor:   
    VRAM:     8043 MB
    Driver:   30.0.15.1179
Initialize mono
Mono path[0] = 'C:/Program Files/Unity/Hub/Editor/2020.3.18f1/Editor/Data/Managed'
Mono path[1] = 'C:/Program Files/Unity/Hub/Editor/2020.3.18f1/Editor/Data/MonoBleedingEdge/lib/mono/unityjit'
Mono config path = 'C:/Program Files/Unity/Hub/Editor/2020.3.18f1/Editor/Data/MonoBleedingEdge/etc'
Using monoOptions --debugger-agent=transport=dt_socket,embedding=1,server=y,suspend=n,address=127.0.0.1:56592
Begin MonoManager ReloadAssembly
Registering precompiled unity dll's ...
Register platform support module: C:/Program Files/Unity/Hub/Editor/2020.3.18f1/Editor/Data/PlaybackEngines/WindowsStandaloneSupport/UnityEditor.WindowsStandalone.Extensions.dll
Registered in 0.001131 seconds.
Native extension for WindowsStandalone target not found
Refreshing native plugins compatible for Editor in 20.88 ms, found 2 plugins.
Preloading 0 native plugins for Editor in 0.00 ms.
Mono: successfully reloaded assembly
- Completed reload, in  1.111 seconds
Domain Reload Profiling:
	ReloadAssembly (1111ms)
		BeginReloadAssembly (35ms)
			ExecutionOrderSort (0ms)
			DisableScriptedObjects (0ms)
			BackupInstance (0ms)
			ReleaseScriptingObjects (0ms)
			CreateAndSetChildDomain (1ms)
		EndReloadAssembly (267ms)
			LoadAssemblies (34ms)
			RebuildTransferFunctionScriptingTraits (0ms)
			SetupTypeCache (94ms)
			ReleaseScriptCaches (0ms)
			RebuildScriptCaches (19ms)
			SetupLoadedEditorAssemblies (105ms)
				LogAssemblyErrors (0ms)
				InitializePlatformSupportModulesInManaged (3ms)
				SetLoadedEditorAssemblies (0ms)
				RefreshPlugins (21ms)
				BeforeProcessingInitializeOnLoad (12ms)
				ProcessInitializeOnLoadAttributes (51ms)
				ProcessInitializeOnLoadMethodAttributes (18ms)
				AfterProcessingInitializeOnLoad (0ms)
				EditorAssembliesLoaded (0ms)
			ExecutionOrderSort2 (0ms)
			AwakeInstancesAfterBackupRestoration (0ms)
Platform modules already initialized, skipping
Registering precompiled user dll's ...
Registered in 0.001799 seconds.
Begin MonoManager ReloadAssembly
Native extension for WindowsStandalone target not found
Refreshing native plugins compatible for Editor in 0.29 ms, found 2 plugins.
Preloading 0 native plugins for Editor in 0.00 ms.
Mono: successfully reloaded assembly
- Completed reload, in  0.626 seconds
Domain Reload Profiling:
	ReloadAssembly (627ms)
		BeginReloadAssembly (91ms)
			ExecutionOrderSort (0ms)
			DisableScriptedObjects (3ms)
			BackupInstance (0ms)
			ReleaseScriptingObjects (0ms)
			CreateAndSetChildDomain (15ms)
		EndReloadAssembly (496ms)
			LoadAssemblies (54ms)
			RebuildTransferFunctionScriptingTraits (0ms)
			SetupTypeCache (163ms)
			ReleaseScriptCaches (0ms)
			RebuildScriptCaches (25ms)
			SetupLoadedEditorAssemblies (196ms)
				LogAssemblyErrors (0ms)
				InitializePlatformSupportModulesInManaged (3ms)
				SetLoadedEditorAssemblies (0ms)
				RefreshPlugins (0ms)
				BeforeProcessingInitializeOnLoad (50ms)
				ProcessInitializeOnLoadAttributes (135ms)
				ProcessInitializeOnLoadMethodAttributes (3ms)
				AfterProcessingInitializeOnLoad (3ms)
				EditorAssembliesLoaded (0ms)
			ExecutionOrderSort2 (0ms)
			AwakeInstancesAfterBackupRestoration (5ms)
Platform modules already initialized, skipping
========================================================================
Worker process is ready to serve import requests
Launched and connected shader compiler UnityShaderCompiler.exe after 0.03 seconds
Refreshing native plugins compatible for Editor in 0.35 ms, found 2 plugins.
Preloading 0 native plugins for Editor in 0.00 ms.
Unloading 1402 Unused Serialized files (Serialized files now loaded: 0)
System memory in use before: 68.0 MB.
System memory in use after: 68.0 MB.

Unloading 16 unused Assets to reduce memory usage. Loaded Objects now: 1839.
Total: 2.077200 ms (FindLiveObjects: 0.105300 ms CreateObjectMapping: 0.030500 ms MarkObjects: 1.893400 ms  DeleteObjects: 0.047100 ms)

AssetImportParameters requested are different than current active one (requested -> active):
  custom:framework-win-MediaFoundation: 216162199b28c13a410421893ffa2e32 -> 
  custom:video-decoder-ogg-theora: a1e56fd34408186e4bbccfd4996cb3dc -> 
  custom:container-muxer-webm: aa71ff27fc2769a1b78a27578f13a17b -> 
  custom:container-demuxer-webm: 4f35f7cbe854078d1ac9338744f61a02 -> 
  custom:container-demuxer-ogg: 62fdf1f143b41e24485cea50d1cbac27 -> 
  custom:video-encoder-webm-vp8: eb34c28f22e8b96e1ab97ce403110664 -> 
  custom:video-decoder-webm-vp8: 9c59270c3fd7afecdb556c50c9e8de78 -> 
  custom:audio-decoder-ogg-vorbis: bf7c407c2cedff20999df2af8eb42d56 -> 
  custom:audio-encoder-webm-vorbis: bf7c407c2cedff20999df2af8eb42d56 -> 
========================================================================
Received Import Request.
  path: Assets/Materials/New Material 2.mat
  artifactKey: Guid(6d0496db2f2164c4eb642bdad7385033) Importer(815301076,1909f56bfc062723c751e8b465ee728b)
Start importing Assets/Materials/New Material 2.mat using Guid(6d0496db2f2164c4eb642bdad7385033) Importer(815301076,1909f56bfc062723c751e8b465ee728b)  -> (artifact id: '39606a9a1e1e0c6213e2d97eb7b1e0cd') in 0.066572 seconds 
  Import took 0.068435 seconds .

========================================================================
Received Import Request.
  Time since last request: 3.302167 seconds.
  path: Assets/box.obj
  artifactKey: Guid(206a9208663dd484f81a869fc4121cbd) Importer(815301076,1909f56bfc062723c751e8b465ee728b)
Start importing Assets/box.obj using Guid(206a9208663dd484f81a869fc4121cbd) Importer(815301076,1909f56bfc062723c751e8b465ee728b)  -> (artifact id: '2803945e147c7db6093642082a5e7bd6') in 0.059703 seconds 
  Import took 0.061698 seconds .

========================================================================
Received Import Request.
  Time since last request: 0.009478 seconds.
  path: Assets/box.obj
  artifactKey: Guid(206a9208663dd484f81a869fc4121cbd) Importer(815301076,1909f56bfc062723c751e8b465ee728b)
Start importing Assets/box.obj using Guid(206a9208663dd484f81a869fc4121cbd) Importer(815301076,1909f56bfc062723c751e8b465ee728b)  -> (artifact id: '2803945e147c7db6093642082a5e7bd6') in 0.023107 seconds 
  Import took 0.025018 seconds .

========================================================================
Received Import Request.
  Time since last request: 110.623351 seconds.
  path: Packages/com.unity.ide.rider/package.json
  artifactKey: Guid(66c95bb3c74257f41bae2622511dc02d) Importer(815301076,1909f56bfc062723c751e8b465ee728b)
Start importing Packages/com.unity.ide.rider/package.json using Guid(66c95bb3c74257f41bae2622511dc02d) Importer(815301076,1909f56bfc062723c751e8b465ee728b)  -> (artifact id: 'ff96f7b61e94a0dc9b975679be81ead9') in 0.010168 seconds 
  Import took 0.012321 seconds .

========================================================================
Received Import Request.
  Time since last request: 0.481046 seconds.
  path: Packages/com.unity.ext.nunit/package.json
  artifactKey: Guid(8143d3a8390f2c64685e3bc272bd9e90) Importer(815301076,1909f56bfc062723c751e8b465ee728b)
Start importing Packages/com.unity.ext.nunit/package.json using Guid(8143d3a8390f2c64685e3bc272bd9e90) Importer(815301076,1909f56bfc062723c751e8b465ee728b)  -> (artifact id: '36f449bd9ed4a92e06d659da724da745') in 0.004561 seconds 
  Import took 0.006441 seconds .

========================================================================
Received Import Request.
  Time since last request: 0.365630 seconds.
  path: Packages/com.unity.test-framework/package.json
  artifactKey: Guid(d6a2e6e4803de7b43baacdc355fc144d) Importer(815301076,1909f56bfc062723c751e8b465ee728b)
Start importing Packages/com.unity.test-framework/package.json using Guid(d6a2e6e4803de7b43baacdc355fc144d) Importer(815301076,1909f56bfc062723c751e8b465ee728b)  -> (artifact id: '348d0090788821c173ed5a91192d97b9') in 0.004666 seconds 
  Import took 0.006598 seconds .

========================================================================
Received Import Request.
  Time since last request: 0.505281 seconds.
  path: Packages/com.unity.timeline/package.json
  artifactKey: Guid(13a9c1b4df2e489e8eb9cacca7429596) Importer(815301076,1909f56bfc062723c751e8b465ee728b)
Start importing Packages/com.unity.timeline/package.json using Guid(13a9c1b4df2e489e8eb9cacca7429596) Importer(815301076,1909f56bfc062723c751e8b465ee728b)  -> (artifact id: '82c6c08db8f434b9305b26de0687e812') in 0.004660 seconds 
  Import took 0.006547 seconds .

========================================================================
Received Import Request.
  Time since last request: 0.520317 seconds.
  path: Packages/com.unity.textmeshpro/package.json
  artifactKey: Guid(220e9325710f4235a43492dd1ee4980d) Importer(815301076,1909f56bfc062723c751e8b465ee728b)
Start importing Packages/com.unity.textmeshpro/package.json using Guid(220e9325710f4235a43492dd1ee4980d) Importer(815301076,1909f56bfc062723c751e8b465ee728b)  -> (artifact id: '2c6d4de5db3a39bcb3575c98dc9df750') in 0.004491 seconds 
  Import took 0.006404 seconds .

========================================================================
Received Import Request.
  Time since last request: 0.333630 seconds.
  path: Packages/com.unity.collab-proxy/package.json
  artifactKey: Guid(743fda8c4b219c8429fb5a77ede1c879) Importer(815301076,1909f56bfc062723c751e8b465ee728b)
Start importing Packages/com.unity.collab-proxy/package.json using Guid(743fda8c4b219c8429fb5a77ede1c879) Importer(815301076,1909f56bfc062723c751e8b465ee728b)  -> (artifact id: 'e3763271ecccd17d02d139549a016030') in 0.004638 seconds 
  Import took 0.006936 seconds .

========================================================================
Received Import Request.
  Time since last request: 29.922174 seconds.
  path: Assets/Cube.prefab
  artifactKey: Guid(9b0b2309b2de87049a975741a5b52863) Importer(815301076,1909f56bfc062723c751e8b465ee728b)
Start importing Assets/Cube.prefab using Guid(9b0b2309b2de87049a975741a5b52863) Importer(815301076,1909f56bfc062723c751e8b465ee728b)  -> (artifact id: '4ebb1faceaf0fc91faefb00ebc413973') in 0.010344 seconds 
  Import took 0.012596 seconds .

========================================================================
Received Import Request.
  Time since last request: 0.004557 seconds.
  path: Assets/Cube.prefab
  artifactKey: Guid(9b0b2309b2de87049a975741a5b52863) Importer(815301076,1909f56bfc062723c751e8b465ee728b)
Start importing Assets/Cube.prefab using Guid(9b0b2309b2de87049a975741a5b52863) Importer(815301076,1909f56bfc062723c751e8b465ee728b)  -> (artifact id: '4ebb1faceaf0fc91faefb00ebc413973') in 0.006048 seconds 
  Import took 0.007877 seconds .

========================================================================
Received Import Request.
  Time since last request: 295.401859 seconds.
  path: Assets/box.obj
  artifactKey: Guid(206a9208663dd484f81a869fc4121cbd) Importer(815301076,1909f56bfc062723c751e8b465ee728b)
Start importing Assets/box.obj using Guid(206a9208663dd484f81a869fc4121cbd) Importer(815301076,1909f56bfc062723c751e8b465ee728b)  -> (artifact id: '92803b6c33b0b7f00316e051427193e0') in 0.020861 seconds 
  Import took 0.023321 seconds .

========================================================================
Received Import Request.
  Time since last request: 11.008843 seconds.
  path: Assets/box.obj
  artifactKey: Guid(206a9208663dd484f81a869fc4121cbd) Importer(815301076,1909f56bfc062723c751e8b465ee728b)
Start importing Assets/box.obj using Guid(206a9208663dd484f81a869fc4121cbd) Importer(815301076,1909f56bfc062723c751e8b465ee728b)  -> (artifact id: '061b7ef6235a355d289d2e46d63bbf23') in 0.024398 seconds 
  Import took 0.026607 seconds .

========================================================================
Received Import Request.
  Time since last request: 123.489594 seconds.
  path: Assets/Cube.prefab
  artifactKey: Guid(9b0b2309b2de87049a975741a5b52863) Importer(815301076,1909f56bfc062723c751e8b465ee728b)
Start importing Assets/Cube.prefab using Guid(9b0b2309b2de87049a975741a5b52863) Importer(815301076,1909f56bfc062723c751e8b465ee728b)  -> (artifact id: 'a00027c904d278124df836fe771a52ae') in 0.006952 seconds 
  Import took 0.009050 seconds .

========================================================================
Received Import Request.
  Time since last request: 0.008894 seconds.
  path: Assets/Cube.prefab
  artifactKey: Guid(9b0b2309b2de87049a975741a5b52863) Importer(815301076,1909f56bfc062723c751e8b465ee728b)
Start importing Assets/Cube.prefab using Guid(9b0b2309b2de87049a975741a5b52863) Importer(815301076,1909f56bfc062723c751e8b465ee728b)  -> (artifact id: 'a00027c904d278124df836fe771a52ae') in 0.005122 seconds 
  Import took 0.007233 seconds .

========================================================================
Received Import Request.
  Time since last request: 237.330402 seconds.
  path: Packages/com.unity.ugui/package.json
  artifactKey: Guid(319b8889f363f5947acf209c17a94149) Importer(815301076,1909f56bfc062723c751e8b465ee728b)
Start importing Packages/com.unity.ugui/package.json using Guid(319b8889f363f5947acf209c17a94149) Importer(815301076,1909f56bfc062723c751e8b465ee728b)  -> (artifact id: '39d1f12f0f4420a8b9dea50868bbb5d0') in 0.005116 seconds 
  Import took 0.007453 seconds .

========================================================================
Received Import Request.
  Time since last request: 3.175022 seconds.
  path: Packages/com.unity.ext.nunit/net35
  artifactKey: Guid(a36d8b72880a8004f96ac54ce4598ff9) Importer(815301076,1909f56bfc062723c751e8b465ee728b)
Start importing Packages/com.unity.ext.nunit/net35 using Guid(a36d8b72880a8004f96ac54ce4598ff9) Importer(815301076,1909f56bfc062723c751e8b465ee728b)  -> (artifact id: 'f5f1b27b24c11cc720585ebd98832c29') in 0.004268 seconds 
  Import took 0.006255 seconds .

========================================================================
Received Import Request.
  Time since last request: 0.596619 seconds.
  path: Packages/com.unity.ext.nunit/net35/unity-custom
  artifactKey: Guid(2347243c7aa3e224f9282dc94e6fc3b2) Importer(815301076,1909f56bfc062723c751e8b465ee728b)
Start importing Packages/com.unity.ext.nunit/net35/unity-custom using Guid(2347243c7aa3e224f9282dc94e6fc3b2) Importer(815301076,1909f56bfc062723c751e8b465ee728b)  -> (artifact id: 'f1ab6269ff3beb0fb0292ac4b7d4dd34') in 0.004820 seconds 
  Import took 0.006748 seconds .

AssetImportWorkerClient::OnTransportError - code=2 error=End of file
